# JRE version: Java(TM) SE Runtime Environment (17.0.12+8) (build 17.0.12+8-LTS-286)
# Java VM: Java HotSpot(TM) 64-Bit Server VM (17.0.12+8-LTS-286, mixed mode, sharing, tiered, compressed oops, compressed class ptrs, g1 gc, windows-amd64)
GC Precious Log:
 CPUs: 5 total, 5 available
 Memory: 16052M
 Large Page Support: Disabled
 NUMA Support: Disabled
 Compressed Oops: Enabled (Zero based)
 Heap Region Size: 2M
 Heap Min Capacity: 8M
 Heap Initial Capacity: 252M
 Heap Max Capacity: 4014M
 Pre-touch: Disabled
 Parallel Workers: 5
 Concurrent Workers: 1
 Concurrent Refinement Workers: 5
 Periodic GC: Disabled
Heap:
 garbage-first heap   total 137216K, used 76273K [0x0000000705200000, 0x0000000800000000)
  region size 2048K, 18 young (36864K), 4 survivors (8192K)
 Metaspace       used 50331K, committed 50624K, reserved 1114112K
  class space    used 5949K, committed 6080K, reserved 1048576K
GC Heap History (20 events):
Event: 1.840 GC heap before
{Heap before GC invocations=2 (full 0):
 garbage-first heap   total 258048K, used 37880K [0x0000000705200000, 0x0000000800000000)
  region size 2048K, 16 young (32768K), 1 survivors (2048K)
 Metaspace       used 13738K, committed 13952K, reserved 1114112K
  class space    used 1479K, committed 1600K, reserved 1048576K
}
Event: 1.843 GC heap after
{Heap after GC invocations=3 (full 0):
 garbage-first heap   total 258048K, used 12141K [0x0000000705200000, 0x0000000800000000)
  region size 2048K, 2 young (4096K), 2 survivors (4096K)
 Metaspace       used 13738K, committed 13952K, reserved 1114112K
  class space    used 1479K, committed 1600K, reserved 1048576K
}
Event: 3.011 GC heap before
{Heap before GC invocations=3 (full 0):
 garbage-first heap   total 258048K, used 40813K [0x0000000705200000, 0x0000000800000000)
  region size 2048K, 17 young (34816K), 2 survivors (4096K)
 Metaspace       used 21328K, committed 21504K, reserved 1114112K
  class space    used 2806K, committed 2880K, reserved 1048576K
}
Event: 3.014 GC heap after
{Heap after GC invocations=4 (full 0):
 garbage-first heap   total 258048K, used 15102K [0x0000000705200000, 0x0000000800000000)
  region size 2048K, 4 young (8192K), 4 survivors (8192K)
 Metaspace       used 21328K, committed 21504K, reserved 1114112K
  class space    used 2806K, committed 2880K, reserved 1048576K
}
Event: 3.555 GC heap before
{Heap before GC invocations=5 (full 0):
 garbage-first heap   total 61440K, used 43774K [0x0000000705200000, 0x0000000800000000)
  region size 2048K, 18 young (36864K), 4 survivors (8192K)
 Metaspace       used 26685K, committed 26880K, reserved 1114112K
  class space    used 3374K, committed 3456K, reserved 1048576K
}
Event: 3.562 GC heap after
{Heap after GC invocations=6 (full 0):
 garbage-first heap   total 61440K, used 18134K [0x0000000705200000, 0x0000000800000000)
  region size 2048K, 3 young (6144K), 3 survivors (6144K)
 Metaspace       used 26685K, committed 26880K, reserved 1114112K
  class space    used 3374K, committed 3456K, reserved 1048576K
}
Event: 5.134 GC heap before
{Heap before GC invocations=6 (full 0):
 garbage-first heap   total 61440K, used 44758K [0x0000000705200000, 0x0000000800000000)
  region size 2048K, 16 young (32768K), 3 survivors (6144K)
 Metaspace       used 31177K, committed 31360K, reserved 1114112K
  class space    used 3758K, committed 3840K, reserved 1048576K
}
Event: 5.146 GC heap after
{Heap after GC invocations=7 (full 0):
 garbage-first heap   total 61440K, used 21876K [0x0000000705200000, 0x0000000800000000)
  region size 2048K, 2 young (4096K), 2 survivors (4096K)
 Metaspace       used 31177K, committed 31360K, reserved 1114112K
  class space    used 3758K, committed 3840K, reserved 1048576K
}
Event: 6.269 GC heap before
{Heap before GC invocations=7 (full 0):
 garbage-first heap   total 61440K, used 42356K [0x0000000705200000, 0x0000000800000000)
  region size 2048K, 13 young (26624K), 2 survivors (4096K)
 Metaspace       used 33947K, committed 34240K, reserved 1114112K
  class space    used 4039K, committed 4160K, reserved 1048576K
}
Event: 6.280 GC heap after
{Heap after GC invocations=8 (full 0):
 garbage-first heap   total 61440K, used 26384K [0x0000000705200000, 0x0000000800000000)
  region size 2048K, 2 young (4096K), 2 survivors (4096K)
 Metaspace       used 33947K, committed 34240K, reserved 1114112K
  class space    used 4039K, committed 4160K, reserved 1048576K
}
Event: 6.750 GC heap before
{Heap before GC invocations=8 (full 0):
 garbage-first heap   total 61440K, used 36624K [0x0000000705200000, 0x0000000800000000)
  region size 2048K, 8 young (16384K), 2 survivors (4096K)
 Metaspace       used 35738K, committed 35968K, reserved 1114112K
  class space    used 4225K, committed 4352K, reserved 1048576K
}
Event: 6.757 GC heap after
{Heap after GC invocations=9 (full 0):
 garbage-first heap   total 61440K, used 28528K [0x0000000705200000, 0x0000000800000000)
  region size 2048K, 1 young (2048K), 1 survivors (2048K)
 Metaspace       used 35738K, committed 35968K, reserved 1114112K
  class space    used 4225K, committed 4352K, reserved 1048576K
}
Event: 7.037 GC heap before
{Heap before GC invocations=10 (full 0):
 garbage-first heap   total 61440K, used 42864K [0x0000000705200000, 0x0000000800000000)
  region size 2048K, 9 young (18432K), 1 survivors (2048K)
 Metaspace       used 36763K, committed 37056K, reserved 1114112K
  class space    used 4346K, committed 4480K, reserved 1048576K
}
Event: 7.043 GC heap after
{Heap after GC invocations=11 (full 0):
 garbage-first heap   total 61440K, used 33009K [0x0000000705200000, 0x0000000800000000)
  region size 2048K, 2 young (4096K), 2 survivors (4096K)
 Metaspace       used 36763K, committed 37056K, reserved 1114112K
  class space    used 4346K, committed 4480K, reserved 1048576K
}
Event: 7.129 GC heap before
{Heap before GC invocations=11 (full 0):
 garbage-first heap   total 61440K, used 33009K [0x0000000705200000, 0x0000000800000000)
  region size 2048K, 3 young (6144K), 2 survivors (4096K)
 Metaspace       used 36785K, committed 37056K, reserved 1114112K
  class space    used 4346K, committed 4480K, reserved 1048576K
}
Event: 7.137 GC heap after
{Heap after GC invocations=12 (full 0):
 garbage-first heap   total 61440K, used 33499K [0x0000000705200000, 0x0000000800000000)
  region size 2048K, 1 young (2048K), 1 survivors (2048K)
 Metaspace       used 36785K, committed 37056K, reserved 1114112K
  class space    used 4346K, committed 4480K, reserved 1048576K
}
Event: 7.423 GC heap before
{Heap before GC invocations=12 (full 0):
 garbage-first heap   total 61440K, used 45787K [0x0000000705200000, 0x0000000800000000)
  region size 2048K, 7 young (14336K), 1 survivors (2048K)
 Metaspace       used 36848K, committed 37120K, reserved 1114112K
  class space    used 4346K, committed 4480K, reserved 1048576K
}
Event: 7.427 GC heap after
{Heap after GC invocations=13 (full 0):
 garbage-first heap   total 159744K, used 38108K [0x0000000705200000, 0x0000000800000000)
  region size 2048K, 1 young (2048K), 1 survivors (2048K)
 Metaspace       used 36848K, committed 37120K, reserved 1114112K
  class space    used 4346K, committed 4480K, reserved 1048576K
}
Event: 10.200 GC heap before
{Heap before GC invocations=14 (full 0):
 garbage-first heap   total 137216K, used 101596K [0x0000000705200000, 0x0000000800000000)
  region size 2048K, 32 young (65536K), 1 survivors (2048K)
 Metaspace       used 46899K, committed 47168K, reserved 1114112K
  class space    used 5563K, committed 5696K, reserved 1048576K
}
Event: 10.216 GC heap after
{Heap after GC invocations=15 (full 0):
 garbage-first heap   total 137216K, used 49649K [0x0000000705200000, 0x0000000800000000)
  region size 2048K, 4 young (8192K), 4 survivors (8192K)
 Metaspace       used 46899K, committed 47168K, reserved 1114112K
  class space    used 5563K, committed 5696K, reserved 1048576K
}

